[35m[1mScanning dependencies of target _franka_interface_msgs_generate_messages_check_deps_RobotState[0m
[35m[1mScanning dependencies of target _franka_interface_msgs_generate_messages_check_deps_RunLoopProcessInfoState[0m
[35m[1mScanning dependencies of target _franka_interface_msgs_generate_messages_check_deps_Errors[0m
[35m[1mScanning dependencies of target actionlib_msgs_generate_messages_lisp[0m
[35m[1mScanning dependencies of target actionlib_msgs_generate_messages_cpp[0m
[35m[1mScanning dependencies of target _franka_interface_msgs_generate_messages_check_deps_ExecuteSkillAction[0m
[35m[1mScanning dependencies of target _franka_interface_msgs_generate_messages_check_deps_ExecuteSkillActionResult[0m
[35m[1mScanning dependencies of target _franka_interface_msgs_generate_messages_check_deps_ExecuteSkillActionGoal[0m
[35m[1mScanning dependencies of target _franka_interface_msgs_generate_messages_check_deps_SensorDataGroup[0m
[35m[1mScanning dependencies of target _franka_interface_msgs_generate_messages_check_deps_SensorData[0m
[35m[1mScanning dependencies of target _franka_interface_msgs_generate_messages_check_deps_GetCurrentRobotStateCmd[0m
[35m[1mScanning dependencies of target _franka_interface_msgs_generate_messages_check_deps_ExecuteSkillResult[0m
[35m[1mScanning dependencies of target _franka_interface_msgs_generate_messages_check_deps_GetCurrentFrankaInterfaceStatusCmd[0m
[35m[1mScanning dependencies of target _franka_interface_msgs_generate_messages_check_deps_ExecuteSkillGoal[0m
[35m[1mScanning dependencies of target _franka_interface_msgs_generate_messages_check_deps_ExecuteSkillActionFeedback[0m
[35m[1mScanning dependencies of target _franka_interface_msgs_generate_messages_check_deps_FrankaInterfaceStatus[0m
[35m[1mScanning dependencies of target actionlib_msgs_generate_messages_py[0m
[35m[1mScanning dependencies of target actionlib_msgs_generate_messages_eus[0m
[35m[1mScanning dependencies of target actionlib_msgs_generate_messages_nodejs[0m
[35m[1mScanning dependencies of target _franka_interface_msgs_generate_messages_check_deps_ExecuteSkillFeedback[0m
[  0%] Built target actionlib_msgs_generate_messages_cpp
[  0%] Built target actionlib_msgs_generate_messages_lisp
[  0%] Built target actionlib_msgs_generate_messages_nodejs
[  0%] Built target actionlib_msgs_generate_messages_py
[  0%] Built target actionlib_msgs_generate_messages_eus
[  0%] Built target _franka_interface_msgs_generate_messages_check_deps_RobotState
[  0%] Built target _franka_interface_msgs_generate_messages_check_deps_Errors
[  0%] Built target _franka_interface_msgs_generate_messages_check_deps_ExecuteSkillAction
[  0%] Built target _franka_interface_msgs_generate_messages_check_deps_SensorDataGroup
[  0%] Built target _franka_interface_msgs_generate_messages_check_deps_ExecuteSkillActionResult
[  0%] Built target _franka_interface_msgs_generate_messages_check_deps_GetCurrentRobotStateCmd
[  0%] Built target _franka_interface_msgs_generate_messages_check_deps_FrankaInterfaceStatus
[  0%] Built target _franka_interface_msgs_generate_messages_check_deps_RunLoopProcessInfoState
[  0%] Built target _franka_interface_msgs_generate_messages_check_deps_ExecuteSkillFeedback
[  0%] Built target _franka_interface_msgs_generate_messages_check_deps_ExecuteSkillResult
[  0%] Built target _franka_interface_msgs_generate_messages_check_deps_ExecuteSkillActionFeedback
[  0%] Built target _franka_interface_msgs_generate_messages_check_deps_ExecuteSkillActionGoal
[  0%] Built target _franka_interface_msgs_generate_messages_check_deps_ExecuteSkillGoal
[  0%] Built target _franka_interface_msgs_generate_messages_check_deps_GetCurrentFrankaInterfaceStatusCmd
[  0%] Built target _franka_interface_msgs_generate_messages_check_deps_SensorData
[35m[1mScanning dependencies of target franka_interface_msgs_generate_messages_lisp[0m
[35m[1mScanning dependencies of target franka_interface_msgs_generate_messages_eus[0m
[35m[1mScanning dependencies of target franka_interface_msgs_generate_messages_nodejs[0m
[35m[1mScanning dependencies of target franka_interface_msgs_generate_messages_py[0m
[35m[1mScanning dependencies of target franka_interface_msgs_generate_messages_cpp[0m
[  1%] [34m[1mGenerating Lisp code from franka_interface_msgs/Errors.msg[0m
[  2%] [34m[1mGenerating Lisp code from franka_interface_msgs/RobotState.msg[0m
[  3%] [34m[1mGenerating Lisp code from franka_interface_msgs/FrankaInterfaceStatus.msg[0m
[  5%] [34m[1mGenerating EusLisp code from franka_interface_msgs/Errors.msg[0m
[  6%] [34m[1mGenerating Lisp code from franka_interface_msgs/RunLoopProcessInfoState.msg[0m
[  7%] [34m[1mGenerating Javascript code from franka_interface_msgs/Errors.msg[0m
[  8%] [34m[1mGenerating Lisp code from franka_interface_msgs/SensorData.msg[0m
[ 10%] [34m[1mGenerating Lisp code from franka_interface_msgs/SensorDataGroup.msg[0m
[ 12%] [34m[1mGenerating Python from MSG franka_interface_msgs/Errors[0m
[ 12%] [34m[1mGenerating EusLisp code from franka_interface_msgs/SensorData.msg[0m
[ 14%] [34m[1mGenerating EusLisp code from franka_interface_msgs/FrankaInterfaceStatus.msg[0m
[ 15%] [34m[1mGenerating C++ code from franka_interface_msgs/Errors.msg[0m
[ 16%] [34m[1mGenerating Python from MSG franka_interface_msgs/FrankaInterfaceStatus[0m
[ 19%] [34m[1mGenerating EusLisp code from franka_interface_msgs/RunLoopProcessInfoState.msg[0m
[ 19%] [34m[1mGenerating EusLisp code from franka_interface_msgs/RobotState.msg[0m
[ 20%] [34m[1mGenerating Javascript code from franka_interface_msgs/FrankaInterfaceStatus.msg[0m
[ 21%] [34m[1mGenerating Python from MSG franka_interface_msgs/RobotState[0m
[ 24%] [34m[1mGenerating C++ code from franka_interface_msgs/FrankaInterfaceStatus.msg[0m
[ 25%] [34m[1mGenerating Javascript code from franka_interface_msgs/RobotState.msg[0m
[ 25%] [34m[1mGenerating C++ code from franka_interface_msgs/RobotState.msg[0m
[ 28%] [34m[1mGenerating Python from MSG franka_interface_msgs/RunLoopProcessInfoState[0m
[ 28%] [34m[1mGenerating Javascript code from franka_interface_msgs/RunLoopProcessInfoState.msg[0m
[ 29%] [34m[1mGenerating Lisp code from franka_interface_msgs/ExecuteSkillActionGoal.msg[0m
[ 30%] [34m[1mGenerating Lisp code from franka_interface_msgs/ExecuteSkillAction.msg[0m
[ 32%] [34m[1mGenerating Python from MSG franka_interface_msgs/SensorData[0m
[ 33%] [34m[1mGenerating C++ code from franka_interface_msgs/SensorDataGroup.msg[0m
[ 34%] [34m[1mGenerating EusLisp code from franka_interface_msgs/SensorDataGroup.msg[0m
[ 35%] [34m[1mGenerating Javascript code from franka_interface_msgs/SensorDataGroup.msg[0m
[ 38%] [34m[1mGenerating EusLisp code from franka_interface_msgs/ExecuteSkillAction.msg[0m
[ 38%] [34m[1mGenerating Javascript code from franka_interface_msgs/SensorData.msg[0m
[ 39%] [34m[1mGenerating EusLisp code from franka_interface_msgs/ExecuteSkillActionGoal.msg[0m
[ 41%] [34m[1mGenerating C++ code from franka_interface_msgs/RunLoopProcessInfoState.msg[0m
[ 43%] [34m[1mGenerating Lisp code from franka_interface_msgs/ExecuteSkillActionFeedback.msg[0m
[ 43%] [34m[1mGenerating Javascript code from franka_interface_msgs/ExecuteSkillAction.msg[0m
[ 46%] [34m[1mGenerating Python from MSG franka_interface_msgs/SensorDataGroup[0m
[ 46%] [34m[1mGenerating C++ code from franka_interface_msgs/SensorData.msg[0m
[ 47%] [34m[1mGenerating Lisp code from franka_interface_msgs/ExecuteSkillGoal.msg[0m
[ 48%] [34m[1mGenerating Lisp code from franka_interface_msgs/ExecuteSkillActionResult.msg[0m
[ 50%] [34m[1mGenerating EusLisp code from franka_interface_msgs/ExecuteSkillActionResult.msg[0m
[ 51%] [34m[1mGenerating C++ code from franka_interface_msgs/ExecuteSkillAction.msg[0m
[ 52%] [34m[1mGenerating Lisp code from franka_interface_msgs/ExecuteSkillFeedback.msg[0m
[ 53%] [34m[1mGenerating Python from MSG franka_interface_msgs/ExecuteSkillAction[0m
[ 56%] [34m[1mGenerating Lisp code from franka_interface_msgs/ExecuteSkillResult.msg[0m
[ 56%] [34m[1mGenerating C++ code from franka_interface_msgs/ExecuteSkillActionGoal.msg[0m
[ 57%] [34m[1mGenerating Python from MSG franka_interface_msgs/ExecuteSkillActionResult[0m
[ 58%] [34m[1mGenerating Javascript code from franka_interface_msgs/ExecuteSkillActionGoal.msg[0m
[ 60%] [34m[1mGenerating Python from MSG franka_interface_msgs/ExecuteSkillActionGoal[0m
[ 61%] [34m[1mGenerating EusLisp code from franka_interface_msgs/ExecuteSkillActionFeedback.msg[0m
[ 62%] [34m[1mGenerating Javascript code from franka_interface_msgs/ExecuteSkillActionResult.msg[0m
[ 64%] [34m[1mGenerating C++ code from franka_interface_msgs/ExecuteSkillActionFeedback.msg[0m
[ 65%] [34m[1mGenerating C++ code from franka_interface_msgs/ExecuteSkillActionResult.msg[0m
[ 66%] [34m[1mGenerating C++ code from franka_interface_msgs/ExecuteSkillGoal.msg[0m
[ 67%] [34m[1mGenerating C++ code from franka_interface_msgs/ExecuteSkillResult.msg[0m
[ 69%] [34m[1mGenerating C++ code from franka_interface_msgs/GetCurrentRobotStateCmd.srv[0m
[ 70%] [34m[1mGenerating C++ code from franka_interface_msgs/ExecuteSkillFeedback.msg[0m
[ 71%] [34m[1mGenerating Lisp code from franka_interface_msgs/GetCurrentRobotStateCmd.srv[0m
[ 73%] [34m[1mGenerating C++ code from franka_interface_msgs/GetCurrentFrankaInterfaceStatusCmd.srv[0m
[ 74%] [34m[1mGenerating Javascript code from franka_interface_msgs/ExecuteSkillActionFeedback.msg[0m
[ 75%] [34m[1mGenerating Javascript code from franka_interface_msgs/ExecuteSkillGoal.msg[0m
[ 76%] [34m[1mGenerating EusLisp code from franka_interface_msgs/ExecuteSkillGoal.msg[0m
[ 79%] [34m[1mGenerating Lisp code from franka_interface_msgs/GetCurrentFrankaInterfaceStatusCmd.srv[0m
[ 79%] [34m[1mGenerating EusLisp code from franka_interface_msgs/ExecuteSkillFeedback.msg[0m
[ 80%] [34m[1mGenerating EusLisp code from franka_interface_msgs/ExecuteSkillResult.msg[0m
[ 82%] [34m[1mGenerating Javascript code from franka_interface_msgs/ExecuteSkillResult.msg[0m
[ 83%] [34m[1mGenerating Javascript code from franka_interface_msgs/ExecuteSkillFeedback.msg[0m
[ 84%] [34m[1mGenerating Javascript code from franka_interface_msgs/GetCurrentRobotStateCmd.srv[0m
[ 85%] [34m[1mGenerating EusLisp code from franka_interface_msgs/GetCurrentRobotStateCmd.srv[0m
[ 87%] [34m[1mGenerating Python from MSG franka_interface_msgs/ExecuteSkillGoal[0m
[ 89%] [34m[1mGenerating EusLisp code from franka_interface_msgs/GetCurrentFrankaInterfaceStatusCmd.srv[0m
[ 89%] [34m[1mGenerating Python from MSG franka_interface_msgs/ExecuteSkillActionFeedback[0m
[ 91%] [34m[1mGenerating Javascript code from franka_interface_msgs/GetCurrentFrankaInterfaceStatusCmd.srv[0m
[ 92%] [34m[1mGenerating Python from MSG franka_interface_msgs/ExecuteSkillResult[0m
[ 93%] [34m[1mGenerating EusLisp manifest code for franka_interface_msgs[0m
[ 94%] [34m[1mGenerating Python code from SRV franka_interface_msgs/GetCurrentFrankaInterfaceStatusCmd[0m
[ 96%] [34m[1mGenerating Python from MSG franka_interface_msgs/ExecuteSkillFeedback[0m
[ 97%] [34m[1mGenerating Python code from SRV franka_interface_msgs/GetCurrentRobotStateCmd[0m
[ 97%] Built target franka_interface_msgs_generate_messages_lisp
[ 97%] Built target franka_interface_msgs_generate_messages_nodejs
[ 98%] [34m[1mGenerating Python msg __init__.py for franka_interface_msgs[0m
[100%] [34m[1mGenerating Python srv __init__.py for franka_interface_msgs[0m
[100%] Built target franka_interface_msgs_generate_messages_cpp
[100%] Built target franka_interface_msgs_generate_messages_py
[100%] Built target franka_interface_msgs_generate_messages_eus
[35m[1mScanning dependencies of target franka_interface_msgs_generate_messages[0m
[100%] Built target franka_interface_msgs_generate_messages
