Symlinking /home/xrobot/TeleoperationUnity/frankapy/catkin_ws/devel/include/franka_interface_msgs/GetCurrentFrankaInterfaceStatusCmdRequest.h
Symlinking /home/xrobot/TeleoperationUnity/frankapy/catkin_ws/devel/include/franka_interface_msgs/SensorData.h
Symlinking /home/xrobot/TeleoperationUnity/frankapy/catkin_ws/devel/include/franka_interface_msgs/SensorDataGroup.h
Symlinking /home/xrobot/TeleoperationUnity/frankapy/catkin_ws/devel/include/franka_interface_msgs/ExecuteSkillGoal.h
Symlinking /home/xrobot/TeleoperationUnity/frankapy/catkin_ws/devel/include/franka_interface_msgs/ExecuteSkillActionResult.h
Symlinking /home/xrobot/TeleoperationUnity/frankapy/catkin_ws/devel/include/franka_interface_msgs/RobotState.h
Symlinking /home/xrobot/TeleoperationUnity/frankapy/catkin_ws/devel/include/franka_interface_msgs/Errors.h
Symlinking /home/xrobot/TeleoperationUnity/frankapy/catkin_ws/devel/include/franka_interface_msgs/GetCurrentRobotStateCmdResponse.h
Symlinking /home/xrobot/TeleoperationUnity/frankapy/catkin_ws/devel/include/franka_interface_msgs/ExecuteSkillAction.h
Symlinking /home/xrobot/TeleoperationUnity/frankapy/catkin_ws/devel/include/franka_interface_msgs/FrankaInterfaceStatus.h
Symlinking /home/xrobot/TeleoperationUnity/frankapy/catkin_ws/devel/include/franka_interface_msgs/GetCurrentFrankaInterfaceStatusCmd.h
Symlinking /home/xrobot/TeleoperationUnity/frankapy/catkin_ws/devel/include/franka_interface_msgs/ExecuteSkillFeedback.h
Symlinking /home/xrobot/TeleoperationUnity/frankapy/catkin_ws/devel/include/franka_interface_msgs/RunLoopProcessInfoState.h
Symlinking /home/xrobot/TeleoperationUnity/frankapy/catkin_ws/devel/include/franka_interface_msgs/ExecuteSkillActionGoal.h
Symlinking /home/xrobot/TeleoperationUnity/frankapy/catkin_ws/devel/include/franka_interface_msgs/GetCurrentRobotStateCmdRequest.h
Symlinking /home/xrobot/TeleoperationUnity/frankapy/catkin_ws/devel/include/franka_interface_msgs/GetCurrentFrankaInterfaceStatusCmdResponse.h
Symlinking /home/xrobot/TeleoperationUnity/frankapy/catkin_ws/devel/include/franka_interface_msgs/GetCurrentRobotStateCmd.h
Symlinking /home/xrobot/TeleoperationUnity/frankapy/catkin_ws/devel/include/franka_interface_msgs/ExecuteSkillResult.h
Symlinking /home/xrobot/TeleoperationUnity/frankapy/catkin_ws/devel/include/franka_interface_msgs/ExecuteSkillActionFeedback.h
Symlinking /home/xrobot/TeleoperationUnity/frankapy/catkin_ws/devel/lib/python3/dist-packages/franka_interface_msgs/__init__.py
Symlinking /home/xrobot/TeleoperationUnity/frankapy/catkin_ws/devel/lib/python3/dist-packages/franka_interface_msgs/srv/_GetCurrentFrankaInterfaceStatusCmd.py
Symlinking /home/xrobot/TeleoperationUnity/frankapy/catkin_ws/devel/lib/python3/dist-packages/franka_interface_msgs/srv/__init__.py
Symlinking /home/xrobot/TeleoperationUnity/frankapy/catkin_ws/devel/lib/python3/dist-packages/franka_interface_msgs/srv/_GetCurrentRobotStateCmd.py
Symlinking /home/xrobot/TeleoperationUnity/frankapy/catkin_ws/devel/lib/python3/dist-packages/franka_interface_msgs/msg/_ExecuteSkillAction.py
Symlinking /home/xrobot/TeleoperationUnity/frankapy/catkin_ws/devel/lib/python3/dist-packages/franka_interface_msgs/msg/_ExecuteSkillFeedback.py
Symlinking /home/xrobot/TeleoperationUnity/frankapy/catkin_ws/devel/lib/python3/dist-packages/franka_interface_msgs/msg/_SensorDataGroup.py
Symlinking /home/xrobot/TeleoperationUnity/frankapy/catkin_ws/devel/lib/python3/dist-packages/franka_interface_msgs/msg/_ExecuteSkillActionFeedback.py
Symlinking /home/xrobot/TeleoperationUnity/frankapy/catkin_ws/devel/lib/python3/dist-packages/franka_interface_msgs/msg/_Errors.py
Symlinking /home/xrobot/TeleoperationUnity/frankapy/catkin_ws/devel/lib/python3/dist-packages/franka_interface_msgs/msg/_ExecuteSkillActionResult.py
Symlinking /home/xrobot/TeleoperationUnity/frankapy/catkin_ws/devel/lib/python3/dist-packages/franka_interface_msgs/msg/_RunLoopProcessInfoState.py
Symlinking /home/xrobot/TeleoperationUnity/frankapy/catkin_ws/devel/lib/python3/dist-packages/franka_interface_msgs/msg/_RobotState.py
Symlinking /home/xrobot/TeleoperationUnity/frankapy/catkin_ws/devel/lib/python3/dist-packages/franka_interface_msgs/msg/_SensorData.py
Symlinking /home/xrobot/TeleoperationUnity/frankapy/catkin_ws/devel/lib/python3/dist-packages/franka_interface_msgs/msg/_ExecuteSkillResult.py
Symlinking /home/xrobot/TeleoperationUnity/frankapy/catkin_ws/devel/lib/python3/dist-packages/franka_interface_msgs/msg/__init__.py
Symlinking /home/xrobot/TeleoperationUnity/frankapy/catkin_ws/devel/lib/python3/dist-packages/franka_interface_msgs/msg/_FrankaInterfaceStatus.py
Symlinking /home/xrobot/TeleoperationUnity/frankapy/catkin_ws/devel/lib/python3/dist-packages/franka_interface_msgs/msg/_ExecuteSkillGoal.py
Symlinking /home/xrobot/TeleoperationUnity/frankapy/catkin_ws/devel/lib/python3/dist-packages/franka_interface_msgs/msg/_ExecuteSkillActionGoal.py
Symlinking /home/xrobot/TeleoperationUnity/frankapy/catkin_ws/devel/lib/pkgconfig/franka_interface_msgs.pc
Symlinking /home/xrobot/TeleoperationUnity/frankapy/catkin_ws/devel/share/franka_interface_msgs/cmake/franka_interface_msgsConfig-version.cmake
Symlinking /home/xrobot/TeleoperationUnity/frankapy/catkin_ws/devel/share/franka_interface_msgs/cmake/franka_interface_msgs-msg-extras.cmake
Symlinking /home/xrobot/TeleoperationUnity/frankapy/catkin_ws/devel/share/franka_interface_msgs/cmake/franka_interface_msgsConfig.cmake
Symlinking /home/xrobot/TeleoperationUnity/frankapy/catkin_ws/devel/share/franka_interface_msgs/cmake/franka_interface_msgs-msg-paths.cmake
Symlinking /home/xrobot/TeleoperationUnity/frankapy/catkin_ws/devel/share/franka_interface_msgs/msg/ExecuteSkillFeedback.msg
Symlinking /home/xrobot/TeleoperationUnity/frankapy/catkin_ws/devel/share/franka_interface_msgs/msg/ExecuteSkillGoal.msg
Symlinking /home/xrobot/TeleoperationUnity/frankapy/catkin_ws/devel/share/franka_interface_msgs/msg/ExecuteSkillAction.msg
Symlinking /home/xrobot/TeleoperationUnity/frankapy/catkin_ws/devel/share/franka_interface_msgs/msg/ExecuteSkillActionGoal.msg
Symlinking /home/xrobot/TeleoperationUnity/frankapy/catkin_ws/devel/share/franka_interface_msgs/msg/ExecuteSkillActionFeedback.msg
Symlinking /home/xrobot/TeleoperationUnity/frankapy/catkin_ws/devel/share/franka_interface_msgs/msg/ExecuteSkillResult.msg
Symlinking /home/xrobot/TeleoperationUnity/frankapy/catkin_ws/devel/share/franka_interface_msgs/msg/ExecuteSkillActionResult.msg
Symlinking /home/xrobot/TeleoperationUnity/frankapy/catkin_ws/devel/share/roseus/ros/franka_interface_msgs/manifest.l
Symlinking /home/xrobot/TeleoperationUnity/frankapy/catkin_ws/devel/share/roseus/ros/franka_interface_msgs/srv/GetCurrentRobotStateCmd.l
Symlinking /home/xrobot/TeleoperationUnity/frankapy/catkin_ws/devel/share/roseus/ros/franka_interface_msgs/srv/GetCurrentFrankaInterfaceStatusCmd.l
Symlinking /home/xrobot/TeleoperationUnity/frankapy/catkin_ws/devel/share/roseus/ros/franka_interface_msgs/msg/ExecuteSkillResult.l
Symlinking /home/xrobot/TeleoperationUnity/frankapy/catkin_ws/devel/share/roseus/ros/franka_interface_msgs/msg/ExecuteSkillActionFeedback.l
Symlinking /home/xrobot/TeleoperationUnity/frankapy/catkin_ws/devel/share/roseus/ros/franka_interface_msgs/msg/Errors.l
Symlinking /home/xrobot/TeleoperationUnity/frankapy/catkin_ws/devel/share/roseus/ros/franka_interface_msgs/msg/SensorData.l
Symlinking /home/xrobot/TeleoperationUnity/frankapy/catkin_ws/devel/share/roseus/ros/franka_interface_msgs/msg/ExecuteSkillAction.l
Symlinking /home/xrobot/TeleoperationUnity/frankapy/catkin_ws/devel/share/roseus/ros/franka_interface_msgs/msg/FrankaInterfaceStatus.l
Symlinking /home/xrobot/TeleoperationUnity/frankapy/catkin_ws/devel/share/roseus/ros/franka_interface_msgs/msg/ExecuteSkillGoal.l
Symlinking /home/xrobot/TeleoperationUnity/frankapy/catkin_ws/devel/share/roseus/ros/franka_interface_msgs/msg/RunLoopProcessInfoState.l
Symlinking /home/xrobot/TeleoperationUnity/frankapy/catkin_ws/devel/share/roseus/ros/franka_interface_msgs/msg/ExecuteSkillActionResult.l
Symlinking /home/xrobot/TeleoperationUnity/frankapy/catkin_ws/devel/share/roseus/ros/franka_interface_msgs/msg/SensorDataGroup.l
Symlinking /home/xrobot/TeleoperationUnity/frankapy/catkin_ws/devel/share/roseus/ros/franka_interface_msgs/msg/ExecuteSkillActionGoal.l
Symlinking /home/xrobot/TeleoperationUnity/frankapy/catkin_ws/devel/share/roseus/ros/franka_interface_msgs/msg/ExecuteSkillFeedback.l
Symlinking /home/xrobot/TeleoperationUnity/frankapy/catkin_ws/devel/share/roseus/ros/franka_interface_msgs/msg/RobotState.l
Symlinking /home/xrobot/TeleoperationUnity/frankapy/catkin_ws/devel/share/gennodejs/ros/franka_interface_msgs/_index.js
Symlinking /home/xrobot/TeleoperationUnity/frankapy/catkin_ws/devel/share/gennodejs/ros/franka_interface_msgs/srv/_index.js
Symlinking /home/xrobot/TeleoperationUnity/frankapy/catkin_ws/devel/share/gennodejs/ros/franka_interface_msgs/srv/GetCurrentFrankaInterfaceStatusCmd.js
Symlinking /home/xrobot/TeleoperationUnity/frankapy/catkin_ws/devel/share/gennodejs/ros/franka_interface_msgs/srv/GetCurrentRobotStateCmd.js
Symlinking /home/xrobot/TeleoperationUnity/frankapy/catkin_ws/devel/share/gennodejs/ros/franka_interface_msgs/msg/Errors.js
Symlinking /home/xrobot/TeleoperationUnity/frankapy/catkin_ws/devel/share/gennodejs/ros/franka_interface_msgs/msg/ExecuteSkillActionFeedback.js
Symlinking /home/xrobot/TeleoperationUnity/frankapy/catkin_ws/devel/share/gennodejs/ros/franka_interface_msgs/msg/ExecuteSkillFeedback.js
Symlinking /home/xrobot/TeleoperationUnity/frankapy/catkin_ws/devel/share/gennodejs/ros/franka_interface_msgs/msg/ExecuteSkillActionGoal.js
Symlinking /home/xrobot/TeleoperationUnity/frankapy/catkin_ws/devel/share/gennodejs/ros/franka_interface_msgs/msg/RunLoopProcessInfoState.js
Symlinking /home/xrobot/TeleoperationUnity/frankapy/catkin_ws/devel/share/gennodejs/ros/franka_interface_msgs/msg/ExecuteSkillActionResult.js
Symlinking /home/xrobot/TeleoperationUnity/frankapy/catkin_ws/devel/share/gennodejs/ros/franka_interface_msgs/msg/ExecuteSkillResult.js
Symlinking /home/xrobot/TeleoperationUnity/frankapy/catkin_ws/devel/share/gennodejs/ros/franka_interface_msgs/msg/SensorData.js
Symlinking /home/xrobot/TeleoperationUnity/frankapy/catkin_ws/devel/share/gennodejs/ros/franka_interface_msgs/msg/ExecuteSkillAction.js
Symlinking /home/xrobot/TeleoperationUnity/frankapy/catkin_ws/devel/share/gennodejs/ros/franka_interface_msgs/msg/SensorDataGroup.js
Symlinking /home/xrobot/TeleoperationUnity/frankapy/catkin_ws/devel/share/gennodejs/ros/franka_interface_msgs/msg/RobotState.js
Symlinking /home/xrobot/TeleoperationUnity/frankapy/catkin_ws/devel/share/gennodejs/ros/franka_interface_msgs/msg/_index.js
Symlinking /home/xrobot/TeleoperationUnity/frankapy/catkin_ws/devel/share/gennodejs/ros/franka_interface_msgs/msg/FrankaInterfaceStatus.js
Symlinking /home/xrobot/TeleoperationUnity/frankapy/catkin_ws/devel/share/gennodejs/ros/franka_interface_msgs/msg/ExecuteSkillGoal.js
Symlinking /home/xrobot/TeleoperationUnity/frankapy/catkin_ws/devel/share/common-lisp/ros/franka_interface_msgs/srv/_package_GetCurrentFrankaInterfaceStatusCmd.lisp
Symlinking /home/xrobot/TeleoperationUnity/frankapy/catkin_ws/devel/share/common-lisp/ros/franka_interface_msgs/srv/_package.lisp
Symlinking /home/xrobot/TeleoperationUnity/frankapy/catkin_ws/devel/share/common-lisp/ros/franka_interface_msgs/srv/GetCurrentRobotStateCmd.lisp
Symlinking /home/xrobot/TeleoperationUnity/frankapy/catkin_ws/devel/share/common-lisp/ros/franka_interface_msgs/srv/_package_GetCurrentRobotStateCmd.lisp
Symlinking /home/xrobot/TeleoperationUnity/frankapy/catkin_ws/devel/share/common-lisp/ros/franka_interface_msgs/srv/franka_interface_msgs-srv.asd
Symlinking /home/xrobot/TeleoperationUnity/frankapy/catkin_ws/devel/share/common-lisp/ros/franka_interface_msgs/srv/GetCurrentFrankaInterfaceStatusCmd.lisp
Symlinking /home/xrobot/TeleoperationUnity/frankapy/catkin_ws/devel/share/common-lisp/ros/franka_interface_msgs/msg/ExecuteSkillResult.lisp
Symlinking /home/xrobot/TeleoperationUnity/frankapy/catkin_ws/devel/share/common-lisp/ros/franka_interface_msgs/msg/FrankaInterfaceStatus.lisp
Symlinking /home/xrobot/TeleoperationUnity/frankapy/catkin_ws/devel/share/common-lisp/ros/franka_interface_msgs/msg/ExecuteSkillGoal.lisp
Symlinking /home/xrobot/TeleoperationUnity/frankapy/catkin_ws/devel/share/common-lisp/ros/franka_interface_msgs/msg/_package_SensorDataGroup.lisp
Symlinking /home/xrobot/TeleoperationUnity/frankapy/catkin_ws/devel/share/common-lisp/ros/franka_interface_msgs/msg/ExecuteSkillActionResult.lisp
Symlinking /home/xrobot/TeleoperationUnity/frankapy/catkin_ws/devel/share/common-lisp/ros/franka_interface_msgs/msg/_package_ExecuteSkillFeedback.lisp
Symlinking /home/xrobot/TeleoperationUnity/frankapy/catkin_ws/devel/share/common-lisp/ros/franka_interface_msgs/msg/SensorDataGroup.lisp
Symlinking /home/xrobot/TeleoperationUnity/frankapy/catkin_ws/devel/share/common-lisp/ros/franka_interface_msgs/msg/RunLoopProcessInfoState.lisp
Symlinking /home/xrobot/TeleoperationUnity/frankapy/catkin_ws/devel/share/common-lisp/ros/franka_interface_msgs/msg/_package.lisp
Symlinking /home/xrobot/TeleoperationUnity/frankapy/catkin_ws/devel/share/common-lisp/ros/franka_interface_msgs/msg/_package_Errors.lisp
Symlinking /home/xrobot/TeleoperationUnity/frankapy/catkin_ws/devel/share/common-lisp/ros/franka_interface_msgs/msg/_package_ExecuteSkillActionResult.lisp
Symlinking /home/xrobot/TeleoperationUnity/frankapy/catkin_ws/devel/share/common-lisp/ros/franka_interface_msgs/msg/_package_RobotState.lisp
Symlinking /home/xrobot/TeleoperationUnity/frankapy/catkin_ws/devel/share/common-lisp/ros/franka_interface_msgs/msg/_package_ExecuteSkillActionFeedback.lisp
Symlinking /home/xrobot/TeleoperationUnity/frankapy/catkin_ws/devel/share/common-lisp/ros/franka_interface_msgs/msg/_package_ExecuteSkillAction.lisp
Symlinking /home/xrobot/TeleoperationUnity/frankapy/catkin_ws/devel/share/common-lisp/ros/franka_interface_msgs/msg/franka_interface_msgs-msg.asd
Symlinking /home/xrobot/TeleoperationUnity/frankapy/catkin_ws/devel/share/common-lisp/ros/franka_interface_msgs/msg/ExecuteSkillFeedback.lisp
Symlinking /home/xrobot/TeleoperationUnity/frankapy/catkin_ws/devel/share/common-lisp/ros/franka_interface_msgs/msg/_package_ExecuteSkillResult.lisp
Symlinking /home/xrobot/TeleoperationUnity/frankapy/catkin_ws/devel/share/common-lisp/ros/franka_interface_msgs/msg/ExecuteSkillActionFeedback.lisp
Symlinking /home/xrobot/TeleoperationUnity/frankapy/catkin_ws/devel/share/common-lisp/ros/franka_interface_msgs/msg/_package_ExecuteSkillActionGoal.lisp
Symlinking /home/xrobot/TeleoperationUnity/frankapy/catkin_ws/devel/share/common-lisp/ros/franka_interface_msgs/msg/ExecuteSkillActionGoal.lisp
Symlinking /home/xrobot/TeleoperationUnity/frankapy/catkin_ws/devel/share/common-lisp/ros/franka_interface_msgs/msg/_package_ExecuteSkillGoal.lisp
Symlinking /home/xrobot/TeleoperationUnity/frankapy/catkin_ws/devel/share/common-lisp/ros/franka_interface_msgs/msg/RobotState.lisp
Symlinking /home/xrobot/TeleoperationUnity/frankapy/catkin_ws/devel/share/common-lisp/ros/franka_interface_msgs/msg/_package_SensorData.lisp
Symlinking /home/xrobot/TeleoperationUnity/frankapy/catkin_ws/devel/share/common-lisp/ros/franka_interface_msgs/msg/ExecuteSkillAction.lisp
Symlinking /home/xrobot/TeleoperationUnity/frankapy/catkin_ws/devel/share/common-lisp/ros/franka_interface_msgs/msg/SensorData.lisp
Symlinking /home/xrobot/TeleoperationUnity/frankapy/catkin_ws/devel/share/common-lisp/ros/franka_interface_msgs/msg/_package_RunLoopProcessInfoState.lisp
Symlinking /home/xrobot/TeleoperationUnity/frankapy/catkin_ws/devel/share/common-lisp/ros/franka_interface_msgs/msg/Errors.lisp
Symlinking /home/xrobot/TeleoperationUnity/frankapy/catkin_ws/devel/share/common-lisp/ros/franka_interface_msgs/msg/_package_FrankaInterfaceStatus.lisp
