Linked: (/home/xrobot/TeleoperationUnity/frankapy/catkin_ws/devel/.private/franka_interface_msgs/include/franka_interface_msgs/GetCurrentFrankaInterfaceStatusCmdRequest.h, /home/xrobot/TeleoperationUnity/frankapy/catkin_ws/devel/include/franka_interface_msgs/GetCurrentFrankaInterfaceStatusCmdRequest.h)
Linked: (/home/xrobot/TeleoperationUnity/frankapy/catkin_ws/devel/.private/franka_interface_msgs/include/franka_interface_msgs/SensorData.h, /home/xrobot/TeleoperationUnity/frankapy/catkin_ws/devel/include/franka_interface_msgs/SensorData.h)
Linked: (/home/xrobot/TeleoperationUnity/frankapy/catkin_ws/devel/.private/franka_interface_msgs/include/franka_interface_msgs/SensorDataGroup.h, /home/xrobot/TeleoperationUnity/frankapy/catkin_ws/devel/include/franka_interface_msgs/SensorDataGroup.h)
Linked: (/home/xrobot/TeleoperationUnity/frankapy/catkin_ws/devel/.private/franka_interface_msgs/include/franka_interface_msgs/ExecuteSkillGoal.h, /home/xrobot/TeleoperationUnity/frankapy/catkin_ws/devel/include/franka_interface_msgs/ExecuteSkillGoal.h)
Linked: (/home/xrobot/TeleoperationUnity/frankapy/catkin_ws/devel/.private/franka_interface_msgs/include/franka_interface_msgs/ExecuteSkillActionResult.h, /home/xrobot/TeleoperationUnity/frankapy/catkin_ws/devel/include/franka_interface_msgs/ExecuteSkillActionResult.h)
Linked: (/home/xrobot/TeleoperationUnity/frankapy/catkin_ws/devel/.private/franka_interface_msgs/include/franka_interface_msgs/RobotState.h, /home/xrobot/TeleoperationUnity/frankapy/catkin_ws/devel/include/franka_interface_msgs/RobotState.h)
Linked: (/home/xrobot/TeleoperationUnity/frankapy/catkin_ws/devel/.private/franka_interface_msgs/include/franka_interface_msgs/Errors.h, /home/xrobot/TeleoperationUnity/frankapy/catkin_ws/devel/include/franka_interface_msgs/Errors.h)
Linked: (/home/xrobot/TeleoperationUnity/frankapy/catkin_ws/devel/.private/franka_interface_msgs/include/franka_interface_msgs/GetCurrentRobotStateCmdResponse.h, /home/xrobot/TeleoperationUnity/frankapy/catkin_ws/devel/include/franka_interface_msgs/GetCurrentRobotStateCmdResponse.h)
Linked: (/home/xrobot/TeleoperationUnity/frankapy/catkin_ws/devel/.private/franka_interface_msgs/include/franka_interface_msgs/ExecuteSkillAction.h, /home/xrobot/TeleoperationUnity/frankapy/catkin_ws/devel/include/franka_interface_msgs/ExecuteSkillAction.h)
Linked: (/home/xrobot/TeleoperationUnity/frankapy/catkin_ws/devel/.private/franka_interface_msgs/include/franka_interface_msgs/FrankaInterfaceStatus.h, /home/xrobot/TeleoperationUnity/frankapy/catkin_ws/devel/include/franka_interface_msgs/FrankaInterfaceStatus.h)
Linked: (/home/xrobot/TeleoperationUnity/frankapy/catkin_ws/devel/.private/franka_interface_msgs/include/franka_interface_msgs/GetCurrentFrankaInterfaceStatusCmd.h, /home/xrobot/TeleoperationUnity/frankapy/catkin_ws/devel/include/franka_interface_msgs/GetCurrentFrankaInterfaceStatusCmd.h)
Linked: (/home/xrobot/TeleoperationUnity/frankapy/catkin_ws/devel/.private/franka_interface_msgs/include/franka_interface_msgs/ExecuteSkillFeedback.h, /home/xrobot/TeleoperationUnity/frankapy/catkin_ws/devel/include/franka_interface_msgs/ExecuteSkillFeedback.h)
Linked: (/home/xrobot/TeleoperationUnity/frankapy/catkin_ws/devel/.private/franka_interface_msgs/include/franka_interface_msgs/RunLoopProcessInfoState.h, /home/xrobot/TeleoperationUnity/frankapy/catkin_ws/devel/include/franka_interface_msgs/RunLoopProcessInfoState.h)
Linked: (/home/xrobot/TeleoperationUnity/frankapy/catkin_ws/devel/.private/franka_interface_msgs/include/franka_interface_msgs/ExecuteSkillActionGoal.h, /home/xrobot/TeleoperationUnity/frankapy/catkin_ws/devel/include/franka_interface_msgs/ExecuteSkillActionGoal.h)
Linked: (/home/xrobot/TeleoperationUnity/frankapy/catkin_ws/devel/.private/franka_interface_msgs/include/franka_interface_msgs/GetCurrentRobotStateCmdRequest.h, /home/xrobot/TeleoperationUnity/frankapy/catkin_ws/devel/include/franka_interface_msgs/GetCurrentRobotStateCmdRequest.h)
Linked: (/home/xrobot/TeleoperationUnity/frankapy/catkin_ws/devel/.private/franka_interface_msgs/include/franka_interface_msgs/GetCurrentFrankaInterfaceStatusCmdResponse.h, /home/xrobot/TeleoperationUnity/frankapy/catkin_ws/devel/include/franka_interface_msgs/GetCurrentFrankaInterfaceStatusCmdResponse.h)
Linked: (/home/xrobot/TeleoperationUnity/frankapy/catkin_ws/devel/.private/franka_interface_msgs/include/franka_interface_msgs/GetCurrentRobotStateCmd.h, /home/xrobot/TeleoperationUnity/frankapy/catkin_ws/devel/include/franka_interface_msgs/GetCurrentRobotStateCmd.h)
Linked: (/home/xrobot/TeleoperationUnity/frankapy/catkin_ws/devel/.private/franka_interface_msgs/include/franka_interface_msgs/ExecuteSkillResult.h, /home/xrobot/TeleoperationUnity/frankapy/catkin_ws/devel/include/franka_interface_msgs/ExecuteSkillResult.h)
Linked: (/home/xrobot/TeleoperationUnity/frankapy/catkin_ws/devel/.private/franka_interface_msgs/include/franka_interface_msgs/ExecuteSkillActionFeedback.h, /home/xrobot/TeleoperationUnity/frankapy/catkin_ws/devel/include/franka_interface_msgs/ExecuteSkillActionFeedback.h)
Linked: (/home/xrobot/TeleoperationUnity/frankapy/catkin_ws/devel/.private/franka_interface_msgs/lib/python3/dist-packages/franka_interface_msgs/__init__.py, /home/xrobot/TeleoperationUnity/frankapy/catkin_ws/devel/lib/python3/dist-packages/franka_interface_msgs/__init__.py)
Linked: (/home/xrobot/TeleoperationUnity/frankapy/catkin_ws/devel/.private/franka_interface_msgs/lib/python3/dist-packages/franka_interface_msgs/srv/_GetCurrentFrankaInterfaceStatusCmd.py, /home/xrobot/TeleoperationUnity/frankapy/catkin_ws/devel/lib/python3/dist-packages/franka_interface_msgs/srv/_GetCurrentFrankaInterfaceStatusCmd.py)
Linked: (/home/xrobot/TeleoperationUnity/frankapy/catkin_ws/devel/.private/franka_interface_msgs/lib/python3/dist-packages/franka_interface_msgs/srv/__init__.py, /home/xrobot/TeleoperationUnity/frankapy/catkin_ws/devel/lib/python3/dist-packages/franka_interface_msgs/srv/__init__.py)
Linked: (/home/xrobot/TeleoperationUnity/frankapy/catkin_ws/devel/.private/franka_interface_msgs/lib/python3/dist-packages/franka_interface_msgs/srv/_GetCurrentRobotStateCmd.py, /home/xrobot/TeleoperationUnity/frankapy/catkin_ws/devel/lib/python3/dist-packages/franka_interface_msgs/srv/_GetCurrentRobotStateCmd.py)
Linked: (/home/xrobot/TeleoperationUnity/frankapy/catkin_ws/devel/.private/franka_interface_msgs/lib/python3/dist-packages/franka_interface_msgs/msg/_ExecuteSkillAction.py, /home/xrobot/TeleoperationUnity/frankapy/catkin_ws/devel/lib/python3/dist-packages/franka_interface_msgs/msg/_ExecuteSkillAction.py)
Linked: (/home/xrobot/TeleoperationUnity/frankapy/catkin_ws/devel/.private/franka_interface_msgs/lib/python3/dist-packages/franka_interface_msgs/msg/_ExecuteSkillFeedback.py, /home/xrobot/TeleoperationUnity/frankapy/catkin_ws/devel/lib/python3/dist-packages/franka_interface_msgs/msg/_ExecuteSkillFeedback.py)
Linked: (/home/xrobot/TeleoperationUnity/frankapy/catkin_ws/devel/.private/franka_interface_msgs/lib/python3/dist-packages/franka_interface_msgs/msg/_SensorDataGroup.py, /home/xrobot/TeleoperationUnity/frankapy/catkin_ws/devel/lib/python3/dist-packages/franka_interface_msgs/msg/_SensorDataGroup.py)
Linked: (/home/xrobot/TeleoperationUnity/frankapy/catkin_ws/devel/.private/franka_interface_msgs/lib/python3/dist-packages/franka_interface_msgs/msg/_ExecuteSkillActionFeedback.py, /home/xrobot/TeleoperationUnity/frankapy/catkin_ws/devel/lib/python3/dist-packages/franka_interface_msgs/msg/_ExecuteSkillActionFeedback.py)
Linked: (/home/xrobot/TeleoperationUnity/frankapy/catkin_ws/devel/.private/franka_interface_msgs/lib/python3/dist-packages/franka_interface_msgs/msg/_Errors.py, /home/xrobot/TeleoperationUnity/frankapy/catkin_ws/devel/lib/python3/dist-packages/franka_interface_msgs/msg/_Errors.py)
Linked: (/home/xrobot/TeleoperationUnity/frankapy/catkin_ws/devel/.private/franka_interface_msgs/lib/python3/dist-packages/franka_interface_msgs/msg/_ExecuteSkillActionResult.py, /home/xrobot/TeleoperationUnity/frankapy/catkin_ws/devel/lib/python3/dist-packages/franka_interface_msgs/msg/_ExecuteSkillActionResult.py)
Linked: (/home/xrobot/TeleoperationUnity/frankapy/catkin_ws/devel/.private/franka_interface_msgs/lib/python3/dist-packages/franka_interface_msgs/msg/_RunLoopProcessInfoState.py, /home/xrobot/TeleoperationUnity/frankapy/catkin_ws/devel/lib/python3/dist-packages/franka_interface_msgs/msg/_RunLoopProcessInfoState.py)
Linked: (/home/xrobot/TeleoperationUnity/frankapy/catkin_ws/devel/.private/franka_interface_msgs/lib/python3/dist-packages/franka_interface_msgs/msg/_RobotState.py, /home/xrobot/TeleoperationUnity/frankapy/catkin_ws/devel/lib/python3/dist-packages/franka_interface_msgs/msg/_RobotState.py)
Linked: (/home/xrobot/TeleoperationUnity/frankapy/catkin_ws/devel/.private/franka_interface_msgs/lib/python3/dist-packages/franka_interface_msgs/msg/_SensorData.py, /home/xrobot/TeleoperationUnity/frankapy/catkin_ws/devel/lib/python3/dist-packages/franka_interface_msgs/msg/_SensorData.py)
Linked: (/home/xrobot/TeleoperationUnity/frankapy/catkin_ws/devel/.private/franka_interface_msgs/lib/python3/dist-packages/franka_interface_msgs/msg/_ExecuteSkillResult.py, /home/xrobot/TeleoperationUnity/frankapy/catkin_ws/devel/lib/python3/dist-packages/franka_interface_msgs/msg/_ExecuteSkillResult.py)
Linked: (/home/xrobot/TeleoperationUnity/frankapy/catkin_ws/devel/.private/franka_interface_msgs/lib/python3/dist-packages/franka_interface_msgs/msg/__init__.py, /home/xrobot/TeleoperationUnity/frankapy/catkin_ws/devel/lib/python3/dist-packages/franka_interface_msgs/msg/__init__.py)
Linked: (/home/xrobot/TeleoperationUnity/frankapy/catkin_ws/devel/.private/franka_interface_msgs/lib/python3/dist-packages/franka_interface_msgs/msg/_FrankaInterfaceStatus.py, /home/xrobot/TeleoperationUnity/frankapy/catkin_ws/devel/lib/python3/dist-packages/franka_interface_msgs/msg/_FrankaInterfaceStatus.py)
Linked: (/home/xrobot/TeleoperationUnity/frankapy/catkin_ws/devel/.private/franka_interface_msgs/lib/python3/dist-packages/franka_interface_msgs/msg/_ExecuteSkillGoal.py, /home/xrobot/TeleoperationUnity/frankapy/catkin_ws/devel/lib/python3/dist-packages/franka_interface_msgs/msg/_ExecuteSkillGoal.py)
Linked: (/home/xrobot/TeleoperationUnity/frankapy/catkin_ws/devel/.private/franka_interface_msgs/lib/python3/dist-packages/franka_interface_msgs/msg/_ExecuteSkillActionGoal.py, /home/xrobot/TeleoperationUnity/frankapy/catkin_ws/devel/lib/python3/dist-packages/franka_interface_msgs/msg/_ExecuteSkillActionGoal.py)
Linked: (/home/xrobot/TeleoperationUnity/frankapy/catkin_ws/devel/.private/franka_interface_msgs/lib/pkgconfig/franka_interface_msgs.pc, /home/xrobot/TeleoperationUnity/frankapy/catkin_ws/devel/lib/pkgconfig/franka_interface_msgs.pc)
Linked: (/home/xrobot/TeleoperationUnity/frankapy/catkin_ws/devel/.private/franka_interface_msgs/share/franka_interface_msgs/cmake/franka_interface_msgsConfig-version.cmake, /home/xrobot/TeleoperationUnity/frankapy/catkin_ws/devel/share/franka_interface_msgs/cmake/franka_interface_msgsConfig-version.cmake)
Linked: (/home/xrobot/TeleoperationUnity/frankapy/catkin_ws/devel/.private/franka_interface_msgs/share/franka_interface_msgs/cmake/franka_interface_msgs-msg-extras.cmake, /home/xrobot/TeleoperationUnity/frankapy/catkin_ws/devel/share/franka_interface_msgs/cmake/franka_interface_msgs-msg-extras.cmake)
Linked: (/home/xrobot/TeleoperationUnity/frankapy/catkin_ws/devel/.private/franka_interface_msgs/share/franka_interface_msgs/cmake/franka_interface_msgsConfig.cmake, /home/xrobot/TeleoperationUnity/frankapy/catkin_ws/devel/share/franka_interface_msgs/cmake/franka_interface_msgsConfig.cmake)
Linked: (/home/xrobot/TeleoperationUnity/frankapy/catkin_ws/devel/.private/franka_interface_msgs/share/franka_interface_msgs/cmake/franka_interface_msgs-msg-paths.cmake, /home/xrobot/TeleoperationUnity/frankapy/catkin_ws/devel/share/franka_interface_msgs/cmake/franka_interface_msgs-msg-paths.cmake)
Linked: (/home/xrobot/TeleoperationUnity/frankapy/catkin_ws/devel/.private/franka_interface_msgs/share/franka_interface_msgs/msg/ExecuteSkillFeedback.msg, /home/xrobot/TeleoperationUnity/frankapy/catkin_ws/devel/share/franka_interface_msgs/msg/ExecuteSkillFeedback.msg)
Linked: (/home/xrobot/TeleoperationUnity/frankapy/catkin_ws/devel/.private/franka_interface_msgs/share/franka_interface_msgs/msg/ExecuteSkillGoal.msg, /home/xrobot/TeleoperationUnity/frankapy/catkin_ws/devel/share/franka_interface_msgs/msg/ExecuteSkillGoal.msg)
Linked: (/home/xrobot/TeleoperationUnity/frankapy/catkin_ws/devel/.private/franka_interface_msgs/share/franka_interface_msgs/msg/ExecuteSkillAction.msg, /home/xrobot/TeleoperationUnity/frankapy/catkin_ws/devel/share/franka_interface_msgs/msg/ExecuteSkillAction.msg)
Linked: (/home/xrobot/TeleoperationUnity/frankapy/catkin_ws/devel/.private/franka_interface_msgs/share/franka_interface_msgs/msg/ExecuteSkillActionGoal.msg, /home/xrobot/TeleoperationUnity/frankapy/catkin_ws/devel/share/franka_interface_msgs/msg/ExecuteSkillActionGoal.msg)
Linked: (/home/xrobot/TeleoperationUnity/frankapy/catkin_ws/devel/.private/franka_interface_msgs/share/franka_interface_msgs/msg/ExecuteSkillActionFeedback.msg, /home/xrobot/TeleoperationUnity/frankapy/catkin_ws/devel/share/franka_interface_msgs/msg/ExecuteSkillActionFeedback.msg)
Linked: (/home/xrobot/TeleoperationUnity/frankapy/catkin_ws/devel/.private/franka_interface_msgs/share/franka_interface_msgs/msg/ExecuteSkillResult.msg, /home/xrobot/TeleoperationUnity/frankapy/catkin_ws/devel/share/franka_interface_msgs/msg/ExecuteSkillResult.msg)
Linked: (/home/xrobot/TeleoperationUnity/frankapy/catkin_ws/devel/.private/franka_interface_msgs/share/franka_interface_msgs/msg/ExecuteSkillActionResult.msg, /home/xrobot/TeleoperationUnity/frankapy/catkin_ws/devel/share/franka_interface_msgs/msg/ExecuteSkillActionResult.msg)
Linked: (/home/xrobot/TeleoperationUnity/frankapy/catkin_ws/devel/.private/franka_interface_msgs/share/roseus/ros/franka_interface_msgs/manifest.l, /home/xrobot/TeleoperationUnity/frankapy/catkin_ws/devel/share/roseus/ros/franka_interface_msgs/manifest.l)
Linked: (/home/xrobot/TeleoperationUnity/frankapy/catkin_ws/devel/.private/franka_interface_msgs/share/roseus/ros/franka_interface_msgs/srv/GetCurrentRobotStateCmd.l, /home/xrobot/TeleoperationUnity/frankapy/catkin_ws/devel/share/roseus/ros/franka_interface_msgs/srv/GetCurrentRobotStateCmd.l)
Linked: (/home/xrobot/TeleoperationUnity/frankapy/catkin_ws/devel/.private/franka_interface_msgs/share/roseus/ros/franka_interface_msgs/srv/GetCurrentFrankaInterfaceStatusCmd.l, /home/xrobot/TeleoperationUnity/frankapy/catkin_ws/devel/share/roseus/ros/franka_interface_msgs/srv/GetCurrentFrankaInterfaceStatusCmd.l)
Linked: (/home/xrobot/TeleoperationUnity/frankapy/catkin_ws/devel/.private/franka_interface_msgs/share/roseus/ros/franka_interface_msgs/msg/ExecuteSkillResult.l, /home/xrobot/TeleoperationUnity/frankapy/catkin_ws/devel/share/roseus/ros/franka_interface_msgs/msg/ExecuteSkillResult.l)
Linked: (/home/xrobot/TeleoperationUnity/frankapy/catkin_ws/devel/.private/franka_interface_msgs/share/roseus/ros/franka_interface_msgs/msg/ExecuteSkillActionFeedback.l, /home/xrobot/TeleoperationUnity/frankapy/catkin_ws/devel/share/roseus/ros/franka_interface_msgs/msg/ExecuteSkillActionFeedback.l)
Linked: (/home/xrobot/TeleoperationUnity/frankapy/catkin_ws/devel/.private/franka_interface_msgs/share/roseus/ros/franka_interface_msgs/msg/Errors.l, /home/xrobot/TeleoperationUnity/frankapy/catkin_ws/devel/share/roseus/ros/franka_interface_msgs/msg/Errors.l)
Linked: (/home/xrobot/TeleoperationUnity/frankapy/catkin_ws/devel/.private/franka_interface_msgs/share/roseus/ros/franka_interface_msgs/msg/SensorData.l, /home/xrobot/TeleoperationUnity/frankapy/catkin_ws/devel/share/roseus/ros/franka_interface_msgs/msg/SensorData.l)
Linked: (/home/xrobot/TeleoperationUnity/frankapy/catkin_ws/devel/.private/franka_interface_msgs/share/roseus/ros/franka_interface_msgs/msg/ExecuteSkillAction.l, /home/xrobot/TeleoperationUnity/frankapy/catkin_ws/devel/share/roseus/ros/franka_interface_msgs/msg/ExecuteSkillAction.l)
Linked: (/home/xrobot/TeleoperationUnity/frankapy/catkin_ws/devel/.private/franka_interface_msgs/share/roseus/ros/franka_interface_msgs/msg/FrankaInterfaceStatus.l, /home/xrobot/TeleoperationUnity/frankapy/catkin_ws/devel/share/roseus/ros/franka_interface_msgs/msg/FrankaInterfaceStatus.l)
Linked: (/home/xrobot/TeleoperationUnity/frankapy/catkin_ws/devel/.private/franka_interface_msgs/share/roseus/ros/franka_interface_msgs/msg/ExecuteSkillGoal.l, /home/xrobot/TeleoperationUnity/frankapy/catkin_ws/devel/share/roseus/ros/franka_interface_msgs/msg/ExecuteSkillGoal.l)
Linked: (/home/xrobot/TeleoperationUnity/frankapy/catkin_ws/devel/.private/franka_interface_msgs/share/roseus/ros/franka_interface_msgs/msg/RunLoopProcessInfoState.l, /home/xrobot/TeleoperationUnity/frankapy/catkin_ws/devel/share/roseus/ros/franka_interface_msgs/msg/RunLoopProcessInfoState.l)
Linked: (/home/xrobot/TeleoperationUnity/frankapy/catkin_ws/devel/.private/franka_interface_msgs/share/roseus/ros/franka_interface_msgs/msg/ExecuteSkillActionResult.l, /home/xrobot/TeleoperationUnity/frankapy/catkin_ws/devel/share/roseus/ros/franka_interface_msgs/msg/ExecuteSkillActionResult.l)
Linked: (/home/xrobot/TeleoperationUnity/frankapy/catkin_ws/devel/.private/franka_interface_msgs/share/roseus/ros/franka_interface_msgs/msg/SensorDataGroup.l, /home/xrobot/TeleoperationUnity/frankapy/catkin_ws/devel/share/roseus/ros/franka_interface_msgs/msg/SensorDataGroup.l)
Linked: (/home/xrobot/TeleoperationUnity/frankapy/catkin_ws/devel/.private/franka_interface_msgs/share/roseus/ros/franka_interface_msgs/msg/ExecuteSkillActionGoal.l, /home/xrobot/TeleoperationUnity/frankapy/catkin_ws/devel/share/roseus/ros/franka_interface_msgs/msg/ExecuteSkillActionGoal.l)
Linked: (/home/xrobot/TeleoperationUnity/frankapy/catkin_ws/devel/.private/franka_interface_msgs/share/roseus/ros/franka_interface_msgs/msg/ExecuteSkillFeedback.l, /home/xrobot/TeleoperationUnity/frankapy/catkin_ws/devel/share/roseus/ros/franka_interface_msgs/msg/ExecuteSkillFeedback.l)
Linked: (/home/xrobot/TeleoperationUnity/frankapy/catkin_ws/devel/.private/franka_interface_msgs/share/roseus/ros/franka_interface_msgs/msg/RobotState.l, /home/xrobot/TeleoperationUnity/frankapy/catkin_ws/devel/share/roseus/ros/franka_interface_msgs/msg/RobotState.l)
Linked: (/home/xrobot/TeleoperationUnity/frankapy/catkin_ws/devel/.private/franka_interface_msgs/share/gennodejs/ros/franka_interface_msgs/_index.js, /home/xrobot/TeleoperationUnity/frankapy/catkin_ws/devel/share/gennodejs/ros/franka_interface_msgs/_index.js)
Linked: (/home/xrobot/TeleoperationUnity/frankapy/catkin_ws/devel/.private/franka_interface_msgs/share/gennodejs/ros/franka_interface_msgs/srv/_index.js, /home/xrobot/TeleoperationUnity/frankapy/catkin_ws/devel/share/gennodejs/ros/franka_interface_msgs/srv/_index.js)
Linked: (/home/xrobot/TeleoperationUnity/frankapy/catkin_ws/devel/.private/franka_interface_msgs/share/gennodejs/ros/franka_interface_msgs/srv/GetCurrentFrankaInterfaceStatusCmd.js, /home/xrobot/TeleoperationUnity/frankapy/catkin_ws/devel/share/gennodejs/ros/franka_interface_msgs/srv/GetCurrentFrankaInterfaceStatusCmd.js)
Linked: (/home/xrobot/TeleoperationUnity/frankapy/catkin_ws/devel/.private/franka_interface_msgs/share/gennodejs/ros/franka_interface_msgs/srv/GetCurrentRobotStateCmd.js, /home/xrobot/TeleoperationUnity/frankapy/catkin_ws/devel/share/gennodejs/ros/franka_interface_msgs/srv/GetCurrentRobotStateCmd.js)
Linked: (/home/xrobot/TeleoperationUnity/frankapy/catkin_ws/devel/.private/franka_interface_msgs/share/gennodejs/ros/franka_interface_msgs/msg/Errors.js, /home/xrobot/TeleoperationUnity/frankapy/catkin_ws/devel/share/gennodejs/ros/franka_interface_msgs/msg/Errors.js)
Linked: (/home/xrobot/TeleoperationUnity/frankapy/catkin_ws/devel/.private/franka_interface_msgs/share/gennodejs/ros/franka_interface_msgs/msg/ExecuteSkillActionFeedback.js, /home/xrobot/TeleoperationUnity/frankapy/catkin_ws/devel/share/gennodejs/ros/franka_interface_msgs/msg/ExecuteSkillActionFeedback.js)
Linked: (/home/xrobot/TeleoperationUnity/frankapy/catkin_ws/devel/.private/franka_interface_msgs/share/gennodejs/ros/franka_interface_msgs/msg/ExecuteSkillFeedback.js, /home/xrobot/TeleoperationUnity/frankapy/catkin_ws/devel/share/gennodejs/ros/franka_interface_msgs/msg/ExecuteSkillFeedback.js)
Linked: (/home/xrobot/TeleoperationUnity/frankapy/catkin_ws/devel/.private/franka_interface_msgs/share/gennodejs/ros/franka_interface_msgs/msg/ExecuteSkillActionGoal.js, /home/xrobot/TeleoperationUnity/frankapy/catkin_ws/devel/share/gennodejs/ros/franka_interface_msgs/msg/ExecuteSkillActionGoal.js)
Linked: (/home/xrobot/TeleoperationUnity/frankapy/catkin_ws/devel/.private/franka_interface_msgs/share/gennodejs/ros/franka_interface_msgs/msg/RunLoopProcessInfoState.js, /home/xrobot/TeleoperationUnity/frankapy/catkin_ws/devel/share/gennodejs/ros/franka_interface_msgs/msg/RunLoopProcessInfoState.js)
Linked: (/home/xrobot/TeleoperationUnity/frankapy/catkin_ws/devel/.private/franka_interface_msgs/share/gennodejs/ros/franka_interface_msgs/msg/ExecuteSkillActionResult.js, /home/xrobot/TeleoperationUnity/frankapy/catkin_ws/devel/share/gennodejs/ros/franka_interface_msgs/msg/ExecuteSkillActionResult.js)
Linked: (/home/xrobot/TeleoperationUnity/frankapy/catkin_ws/devel/.private/franka_interface_msgs/share/gennodejs/ros/franka_interface_msgs/msg/ExecuteSkillResult.js, /home/xrobot/TeleoperationUnity/frankapy/catkin_ws/devel/share/gennodejs/ros/franka_interface_msgs/msg/ExecuteSkillResult.js)
Linked: (/home/xrobot/TeleoperationUnity/frankapy/catkin_ws/devel/.private/franka_interface_msgs/share/gennodejs/ros/franka_interface_msgs/msg/SensorData.js, /home/xrobot/TeleoperationUnity/frankapy/catkin_ws/devel/share/gennodejs/ros/franka_interface_msgs/msg/SensorData.js)
Linked: (/home/xrobot/TeleoperationUnity/frankapy/catkin_ws/devel/.private/franka_interface_msgs/share/gennodejs/ros/franka_interface_msgs/msg/ExecuteSkillAction.js, /home/xrobot/TeleoperationUnity/frankapy/catkin_ws/devel/share/gennodejs/ros/franka_interface_msgs/msg/ExecuteSkillAction.js)
Linked: (/home/xrobot/TeleoperationUnity/frankapy/catkin_ws/devel/.private/franka_interface_msgs/share/gennodejs/ros/franka_interface_msgs/msg/SensorDataGroup.js, /home/xrobot/TeleoperationUnity/frankapy/catkin_ws/devel/share/gennodejs/ros/franka_interface_msgs/msg/SensorDataGroup.js)
Linked: (/home/xrobot/TeleoperationUnity/frankapy/catkin_ws/devel/.private/franka_interface_msgs/share/gennodejs/ros/franka_interface_msgs/msg/RobotState.js, /home/xrobot/TeleoperationUnity/frankapy/catkin_ws/devel/share/gennodejs/ros/franka_interface_msgs/msg/RobotState.js)
Linked: (/home/xrobot/TeleoperationUnity/frankapy/catkin_ws/devel/.private/franka_interface_msgs/share/gennodejs/ros/franka_interface_msgs/msg/_index.js, /home/xrobot/TeleoperationUnity/frankapy/catkin_ws/devel/share/gennodejs/ros/franka_interface_msgs/msg/_index.js)
Linked: (/home/xrobot/TeleoperationUnity/frankapy/catkin_ws/devel/.private/franka_interface_msgs/share/gennodejs/ros/franka_interface_msgs/msg/FrankaInterfaceStatus.js, /home/xrobot/TeleoperationUnity/frankapy/catkin_ws/devel/share/gennodejs/ros/franka_interface_msgs/msg/FrankaInterfaceStatus.js)
Linked: (/home/xrobot/TeleoperationUnity/frankapy/catkin_ws/devel/.private/franka_interface_msgs/share/gennodejs/ros/franka_interface_msgs/msg/ExecuteSkillGoal.js, /home/xrobot/TeleoperationUnity/frankapy/catkin_ws/devel/share/gennodejs/ros/franka_interface_msgs/msg/ExecuteSkillGoal.js)
Linked: (/home/xrobot/TeleoperationUnity/frankapy/catkin_ws/devel/.private/franka_interface_msgs/share/common-lisp/ros/franka_interface_msgs/srv/_package_GetCurrentFrankaInterfaceStatusCmd.lisp, /home/xrobot/TeleoperationUnity/frankapy/catkin_ws/devel/share/common-lisp/ros/franka_interface_msgs/srv/_package_GetCurrentFrankaInterfaceStatusCmd.lisp)
Linked: (/home/xrobot/TeleoperationUnity/frankapy/catkin_ws/devel/.private/franka_interface_msgs/share/common-lisp/ros/franka_interface_msgs/srv/_package.lisp, /home/xrobot/TeleoperationUnity/frankapy/catkin_ws/devel/share/common-lisp/ros/franka_interface_msgs/srv/_package.lisp)
Linked: (/home/xrobot/TeleoperationUnity/frankapy/catkin_ws/devel/.private/franka_interface_msgs/share/common-lisp/ros/franka_interface_msgs/srv/GetCurrentRobotStateCmd.lisp, /home/xrobot/TeleoperationUnity/frankapy/catkin_ws/devel/share/common-lisp/ros/franka_interface_msgs/srv/GetCurrentRobotStateCmd.lisp)
Linked: (/home/xrobot/TeleoperationUnity/frankapy/catkin_ws/devel/.private/franka_interface_msgs/share/common-lisp/ros/franka_interface_msgs/srv/_package_GetCurrentRobotStateCmd.lisp, /home/xrobot/TeleoperationUnity/frankapy/catkin_ws/devel/share/common-lisp/ros/franka_interface_msgs/srv/_package_GetCurrentRobotStateCmd.lisp)
Linked: (/home/xrobot/TeleoperationUnity/frankapy/catkin_ws/devel/.private/franka_interface_msgs/share/common-lisp/ros/franka_interface_msgs/srv/franka_interface_msgs-srv.asd, /home/xrobot/TeleoperationUnity/frankapy/catkin_ws/devel/share/common-lisp/ros/franka_interface_msgs/srv/franka_interface_msgs-srv.asd)
Linked: (/home/xrobot/TeleoperationUnity/frankapy/catkin_ws/devel/.private/franka_interface_msgs/share/common-lisp/ros/franka_interface_msgs/srv/GetCurrentFrankaInterfaceStatusCmd.lisp, /home/xrobot/TeleoperationUnity/frankapy/catkin_ws/devel/share/common-lisp/ros/franka_interface_msgs/srv/GetCurrentFrankaInterfaceStatusCmd.lisp)
Linked: (/home/xrobot/TeleoperationUnity/frankapy/catkin_ws/devel/.private/franka_interface_msgs/share/common-lisp/ros/franka_interface_msgs/msg/ExecuteSkillResult.lisp, /home/xrobot/TeleoperationUnity/frankapy/catkin_ws/devel/share/common-lisp/ros/franka_interface_msgs/msg/ExecuteSkillResult.lisp)
Linked: (/home/xrobot/TeleoperationUnity/frankapy/catkin_ws/devel/.private/franka_interface_msgs/share/common-lisp/ros/franka_interface_msgs/msg/FrankaInterfaceStatus.lisp, /home/xrobot/TeleoperationUnity/frankapy/catkin_ws/devel/share/common-lisp/ros/franka_interface_msgs/msg/FrankaInterfaceStatus.lisp)
Linked: (/home/xrobot/TeleoperationUnity/frankapy/catkin_ws/devel/.private/franka_interface_msgs/share/common-lisp/ros/franka_interface_msgs/msg/ExecuteSkillGoal.lisp, /home/xrobot/TeleoperationUnity/frankapy/catkin_ws/devel/share/common-lisp/ros/franka_interface_msgs/msg/ExecuteSkillGoal.lisp)
Linked: (/home/xrobot/TeleoperationUnity/frankapy/catkin_ws/devel/.private/franka_interface_msgs/share/common-lisp/ros/franka_interface_msgs/msg/_package_SensorDataGroup.lisp, /home/xrobot/TeleoperationUnity/frankapy/catkin_ws/devel/share/common-lisp/ros/franka_interface_msgs/msg/_package_SensorDataGroup.lisp)
Linked: (/home/xrobot/TeleoperationUnity/frankapy/catkin_ws/devel/.private/franka_interface_msgs/share/common-lisp/ros/franka_interface_msgs/msg/ExecuteSkillActionResult.lisp, /home/xrobot/TeleoperationUnity/frankapy/catkin_ws/devel/share/common-lisp/ros/franka_interface_msgs/msg/ExecuteSkillActionResult.lisp)
Linked: (/home/xrobot/TeleoperationUnity/frankapy/catkin_ws/devel/.private/franka_interface_msgs/share/common-lisp/ros/franka_interface_msgs/msg/_package_ExecuteSkillFeedback.lisp, /home/xrobot/TeleoperationUnity/frankapy/catkin_ws/devel/share/common-lisp/ros/franka_interface_msgs/msg/_package_ExecuteSkillFeedback.lisp)
Linked: (/home/xrobot/TeleoperationUnity/frankapy/catkin_ws/devel/.private/franka_interface_msgs/share/common-lisp/ros/franka_interface_msgs/msg/SensorDataGroup.lisp, /home/xrobot/TeleoperationUnity/frankapy/catkin_ws/devel/share/common-lisp/ros/franka_interface_msgs/msg/SensorDataGroup.lisp)
Linked: (/home/xrobot/TeleoperationUnity/frankapy/catkin_ws/devel/.private/franka_interface_msgs/share/common-lisp/ros/franka_interface_msgs/msg/RunLoopProcessInfoState.lisp, /home/xrobot/TeleoperationUnity/frankapy/catkin_ws/devel/share/common-lisp/ros/franka_interface_msgs/msg/RunLoopProcessInfoState.lisp)
Linked: (/home/xrobot/TeleoperationUnity/frankapy/catkin_ws/devel/.private/franka_interface_msgs/share/common-lisp/ros/franka_interface_msgs/msg/_package.lisp, /home/xrobot/TeleoperationUnity/frankapy/catkin_ws/devel/share/common-lisp/ros/franka_interface_msgs/msg/_package.lisp)
Linked: (/home/xrobot/TeleoperationUnity/frankapy/catkin_ws/devel/.private/franka_interface_msgs/share/common-lisp/ros/franka_interface_msgs/msg/_package_Errors.lisp, /home/xrobot/TeleoperationUnity/frankapy/catkin_ws/devel/share/common-lisp/ros/franka_interface_msgs/msg/_package_Errors.lisp)
Linked: (/home/xrobot/TeleoperationUnity/frankapy/catkin_ws/devel/.private/franka_interface_msgs/share/common-lisp/ros/franka_interface_msgs/msg/_package_ExecuteSkillActionResult.lisp, /home/xrobot/TeleoperationUnity/frankapy/catkin_ws/devel/share/common-lisp/ros/franka_interface_msgs/msg/_package_ExecuteSkillActionResult.lisp)
Linked: (/home/xrobot/TeleoperationUnity/frankapy/catkin_ws/devel/.private/franka_interface_msgs/share/common-lisp/ros/franka_interface_msgs/msg/_package_RobotState.lisp, /home/xrobot/TeleoperationUnity/frankapy/catkin_ws/devel/share/common-lisp/ros/franka_interface_msgs/msg/_package_RobotState.lisp)
Linked: (/home/xrobot/TeleoperationUnity/frankapy/catkin_ws/devel/.private/franka_interface_msgs/share/common-lisp/ros/franka_interface_msgs/msg/_package_ExecuteSkillActionFeedback.lisp, /home/xrobot/TeleoperationUnity/frankapy/catkin_ws/devel/share/common-lisp/ros/franka_interface_msgs/msg/_package_ExecuteSkillActionFeedback.lisp)
Linked: (/home/xrobot/TeleoperationUnity/frankapy/catkin_ws/devel/.private/franka_interface_msgs/share/common-lisp/ros/franka_interface_msgs/msg/_package_ExecuteSkillAction.lisp, /home/xrobot/TeleoperationUnity/frankapy/catkin_ws/devel/share/common-lisp/ros/franka_interface_msgs/msg/_package_ExecuteSkillAction.lisp)
Linked: (/home/xrobot/TeleoperationUnity/frankapy/catkin_ws/devel/.private/franka_interface_msgs/share/common-lisp/ros/franka_interface_msgs/msg/franka_interface_msgs-msg.asd, /home/xrobot/TeleoperationUnity/frankapy/catkin_ws/devel/share/common-lisp/ros/franka_interface_msgs/msg/franka_interface_msgs-msg.asd)
Linked: (/home/xrobot/TeleoperationUnity/frankapy/catkin_ws/devel/.private/franka_interface_msgs/share/common-lisp/ros/franka_interface_msgs/msg/ExecuteSkillFeedback.lisp, /home/xrobot/TeleoperationUnity/frankapy/catkin_ws/devel/share/common-lisp/ros/franka_interface_msgs/msg/ExecuteSkillFeedback.lisp)
Linked: (/home/xrobot/TeleoperationUnity/frankapy/catkin_ws/devel/.private/franka_interface_msgs/share/common-lisp/ros/franka_interface_msgs/msg/_package_ExecuteSkillResult.lisp, /home/xrobot/TeleoperationUnity/frankapy/catkin_ws/devel/share/common-lisp/ros/franka_interface_msgs/msg/_package_ExecuteSkillResult.lisp)
Linked: (/home/xrobot/TeleoperationUnity/frankapy/catkin_ws/devel/.private/franka_interface_msgs/share/common-lisp/ros/franka_interface_msgs/msg/ExecuteSkillActionFeedback.lisp, /home/xrobot/TeleoperationUnity/frankapy/catkin_ws/devel/share/common-lisp/ros/franka_interface_msgs/msg/ExecuteSkillActionFeedback.lisp)
Linked: (/home/xrobot/TeleoperationUnity/frankapy/catkin_ws/devel/.private/franka_interface_msgs/share/common-lisp/ros/franka_interface_msgs/msg/_package_ExecuteSkillActionGoal.lisp, /home/xrobot/TeleoperationUnity/frankapy/catkin_ws/devel/share/common-lisp/ros/franka_interface_msgs/msg/_package_ExecuteSkillActionGoal.lisp)
Linked: (/home/xrobot/TeleoperationUnity/frankapy/catkin_ws/devel/.private/franka_interface_msgs/share/common-lisp/ros/franka_interface_msgs/msg/ExecuteSkillActionGoal.lisp, /home/xrobot/TeleoperationUnity/frankapy/catkin_ws/devel/share/common-lisp/ros/franka_interface_msgs/msg/ExecuteSkillActionGoal.lisp)
Linked: (/home/xrobot/TeleoperationUnity/frankapy/catkin_ws/devel/.private/franka_interface_msgs/share/common-lisp/ros/franka_interface_msgs/msg/_package_ExecuteSkillGoal.lisp, /home/xrobot/TeleoperationUnity/frankapy/catkin_ws/devel/share/common-lisp/ros/franka_interface_msgs/msg/_package_ExecuteSkillGoal.lisp)
Linked: (/home/xrobot/TeleoperationUnity/frankapy/catkin_ws/devel/.private/franka_interface_msgs/share/common-lisp/ros/franka_interface_msgs/msg/RobotState.lisp, /home/xrobot/TeleoperationUnity/frankapy/catkin_ws/devel/share/common-lisp/ros/franka_interface_msgs/msg/RobotState.lisp)
Linked: (/home/xrobot/TeleoperationUnity/frankapy/catkin_ws/devel/.private/franka_interface_msgs/share/common-lisp/ros/franka_interface_msgs/msg/_package_SensorData.lisp, /home/xrobot/TeleoperationUnity/frankapy/catkin_ws/devel/share/common-lisp/ros/franka_interface_msgs/msg/_package_SensorData.lisp)
Linked: (/home/xrobot/TeleoperationUnity/frankapy/catkin_ws/devel/.private/franka_interface_msgs/share/common-lisp/ros/franka_interface_msgs/msg/ExecuteSkillAction.lisp, /home/xrobot/TeleoperationUnity/frankapy/catkin_ws/devel/share/common-lisp/ros/franka_interface_msgs/msg/ExecuteSkillAction.lisp)
Linked: (/home/xrobot/TeleoperationUnity/frankapy/catkin_ws/devel/.private/franka_interface_msgs/share/common-lisp/ros/franka_interface_msgs/msg/SensorData.lisp, /home/xrobot/TeleoperationUnity/frankapy/catkin_ws/devel/share/common-lisp/ros/franka_interface_msgs/msg/SensorData.lisp)
Linked: (/home/xrobot/TeleoperationUnity/frankapy/catkin_ws/devel/.private/franka_interface_msgs/share/common-lisp/ros/franka_interface_msgs/msg/_package_RunLoopProcessInfoState.lisp, /home/xrobot/TeleoperationUnity/frankapy/catkin_ws/devel/share/common-lisp/ros/franka_interface_msgs/msg/_package_RunLoopProcessInfoState.lisp)
Linked: (/home/xrobot/TeleoperationUnity/frankapy/catkin_ws/devel/.private/franka_interface_msgs/share/common-lisp/ros/franka_interface_msgs/msg/Errors.lisp, /home/xrobot/TeleoperationUnity/frankapy/catkin_ws/devel/share/common-lisp/ros/franka_interface_msgs/msg/Errors.lisp)
Linked: (/home/xrobot/TeleoperationUnity/frankapy/catkin_ws/devel/.private/franka_interface_msgs/share/common-lisp/ros/franka_interface_msgs/msg/_package_FrankaInterfaceStatus.lisp, /home/xrobot/TeleoperationUnity/frankapy/catkin_ws/devel/share/common-lisp/ros/franka_interface_msgs/msg/_package_FrankaInterfaceStatus.lisp)
